2026-06-10T12:51:15.963-05:00  INFO 78620 --- [compras-ventas2] [main] c.b.C.CompraVentas2Application           : Starting CompraVentas2Application using Java 25.0.3 with PID 78620 (C:\FullStack\FullStack\Back\CompraVentas2\CompraVentas2\target\classes started by joshu in C:\FullStack\FullStack\Back\CompraVentas2\CompraVentas2)
2026-06-10T12:51:15.979-05:00  INFO 78620 --- [compras-ventas2] [main] c.b.C.CompraVentas2Application           : No active profile set, falling back to 1 default profile: "default"
2026-06-10T12:51:19.196-05:00  INFO 78620 --- [compras-ventas2] [main] .s.d.r.c.RepositoryConfigurationDelegate : Bootstrapping Spring Data JPA repositories in DEFAULT mode.
2026-06-10T12:51:19.374-05:00  INFO 78620 --- [compras-ventas2] [main] .s.d.r.c.RepositoryConfigurationDelegate : Finished Spring Data repository scanning in 153 ms. Found 7 JPA repository interfaces.
2026-06-10T12:51:25.246-05:00  INFO 78620 --- [compras-ventas2] [main] o.s.o.j.p.SpringPersistenceUnitInfo      : No LoadTimeWeaver setup: ignoring JPA class transformer
2026-06-10T12:51:29.394-05:00  INFO 78620 --- [compras-ventas2] [main] o.s.d.j.r.query.QueryEnhancerFactories   : Hibernate is in classpath; If applicable, HQL parser will be used.
2026-06-10T12:51:30.349-05:00 ERROR 78620 --- [compras-ventas2] [main] o.s.d.r.a.generate.AotRepositoryCreator  : Failed to contribute Repository method [com.blumbit.CompraVentas2.repository.UsuarioRepository.finByEmail(java.lang.String)]

org.springframework.data.core.PropertyReferenceException: No property 'finByEmail' found for type 'Usuario'
	at org.springframework.data.core.SimplePropertyPath.<init>(SimplePropertyPath.java:93) ~[spring-data-commons-4.0.5.jar:4.0.5]
	at org.springframework.data.core.SimplePropertyPath.create(SimplePropertyPath.java:360) ~[spring-data-commons-4.0.5.jar:4.0.5]
	at org.springframework.data.core.SimplePropertyPath.create(SimplePropertyPath.java:335) ~[spring-data-commons-4.0.5.jar:4.0.5]
	at org.springframework.data.core.SimplePropertyPath.lambda$from$0(SimplePropertyPath.java:288) ~[spring-data-commons-4.0.5.jar:4.0.5]
	at org.springframework.util.ConcurrentReferenceHashMap$6.execute(ConcurrentReferenceHashMap.java:387) ~[spring-core-7.0.7.jar:7.0.7]
	at org.springframework.util.ConcurrentReferenceHashMap$Segment.doTask(ConcurrentReferenceHashMap.java:681) ~[spring-core-7.0.7.jar:7.0.7]
	at org.springframework.util.ConcurrentReferenceHashMap.doTask(ConcurrentReferenceHashMap.java:565) ~[spring-core-7.0.7.jar:7.0.7]
	at org.springframework.util.ConcurrentReferenceHashMap.computeIfAbsent(ConcurrentReferenceHashMap.java:381) ~[spring-core-7.0.7.jar:7.0.7]
	at org.springframework.data.core.SimplePropertyPath.from(SimplePropertyPath.java:270) ~[spring-data-commons-4.0.5.jar:4.0.5]
	at org.springframework.data.core.PropertyPath.from(PropertyPath.java:210) ~[spring-data-commons-4.0.5.jar:4.0.5]
	at org.springframework.data.core.PropertyPath.from(PropertyPath.java:193) ~[spring-data-commons-4.0.5.jar:4.0.5]
	at org.springframework.data.repository.query.parser.Part.<init>(Part.java:81) ~[spring-data-commons-4.0.5.jar:4.0.5]
	at org.springframework.data.repository.query.parser.PartTree$OrPart.lambda$new$0(PartTree.java:260) ~[spring-data-commons-4.0.5.jar:4.0.5]
	at java.base/java.util.stream.ReferencePipeline$3$1.accept(ReferencePipeline.java:214) ~[na:na]
	at java.base/java.util.stream.ReferencePipeline$2$1.accept(ReferencePipeline.java:197) ~[na:na]
	at java.base/java.util.Spliterators$ArraySpliterator.forEachRemaining(Spliterators.java:1024) ~[na:na]
	at java.base/java.util.stream.AbstractPipeline.copyInto(AbstractPipeline.java:570) ~[na:na]
	at java.base/java.util.stream.AbstractPipeline.wrapAndCopyInto(AbstractPipeline.java:560) ~[na:na]
	at java.base/java.util.stream.ReduceOps$ReduceOp.evaluateSequential(ReduceOps.java:921) ~[na:na]
	at java.base/java.util.stream.AbstractPipeline.evaluate(AbstractPipeline.java:265) ~[na:na]
	at java.base/java.util.stream.ReferencePipeline.collect(ReferencePipeline.java:723) ~[na:na]
	at org.springframework.data.repository.query.parser.PartTree$OrPart.<init>(PartTree.java:261) ~[spring-data-commons-4.0.5.jar:4.0.5]
	at org.springframework.data.repository.query.parser.PartTree$Predicate.lambda$new$0(PartTree.java:390) ~[spring-data-commons-4.0.5.jar:4.0.5]
	at java.base/java.util.stream.ReferencePipeline$3$1.accept(ReferencePipeline.java:214) ~[na:na]
	at java.base/java.util.stream.ReferencePipeline$2$1.accept(ReferencePipeline.java:197) ~[na:na]
	at java.base/java.util.Spliterators$ArraySpliterator.forEachRemaining(Spliterators.java:1024) ~[na:na]
	at java.base/java.util.stream.AbstractPipeline.copyInto(AbstractPipeline.java:570) ~[na:na]
	at java.base/java.util.stream.AbstractPipeline.wrapAndCopyInto(AbstractPipeline.java:560) ~[na:na]
	at java.base/java.util.stream.ReduceOps$ReduceOp.evaluateSequential(ReduceOps.java:921) ~[na:na]
	at java.base/java.util.stream.AbstractPipeline.evaluate(AbstractPipeline.java:265) ~[na:na]
	at java.base/java.util.stream.ReferencePipeline.collect(ReferencePipeline.java:723) ~[na:na]
	at org.springframework.data.repository.query.parser.PartTree$Predicate.<init>(PartTree.java:391) ~[spring-data-commons-4.0.5.jar:4.0.5]
	at org.springframework.data.repository.query.parser.PartTree.<init>(PartTree.java:101) ~[spring-data-commons-4.0.5.jar:4.0.5]
	at org.springframework.data.jpa.repository.aot.QueriesFactory.buildPartTreeQuery(QueriesFactory.java:271) ~[spring-data-jpa-4.0.5.jar:4.0.5]
	at org.springframework.data.jpa.repository.aot.QueriesFactory.createQueries(QueriesFactory.java:136) ~[spring-data-jpa-4.0.5.jar:4.0.5]
	at org.springframework.data.jpa.repository.aot.JpaRepositoryContributor.contributeQueryMethod(JpaRepositoryContributor.java:197) ~[spring-data-jpa-4.0.5.jar:4.0.5]
	at org.springframework.data.repository.aot.generate.AotRepositoryCreator.contributeMethod(AotRepositoryCreator.java:292) ~[spring-data-commons-4.0.5.jar:4.0.5]
	at org.springframework.data.repository.aot.generate.AotRepositoryCreator.lambda$contributeMethods$1(AotRepositoryCreator.java:238) ~[spring-data-commons-4.0.5.jar:4.0.5]
	at java.base/java.util.stream.ForEachOps$ForEachOp$OfRef.accept(ForEachOps.java:186) ~[na:na]
	at java.base/java.util.stream.SortedOps$SizedRefSortingSink.end(SortedOps.java:357) ~[na:na]
	at java.base/java.util.stream.AbstractPipeline.copyInto(AbstractPipeline.java:571) ~[na:na]
	at java.base/java.util.stream.AbstractPipeline.wrapAndCopyInto(AbstractPipeline.java:560) ~[na:na]
	at java.base/java.util.stream.ForEachOps$ForEachOp.evaluateSequential(ForEachOps.java:153) ~[na:na]
	at java.base/java.util.stream.ForEachOps$ForEachOp$OfRef.evaluateSequential(ForEachOps.java:176) ~[na:na]
	at java.base/java.util.stream.AbstractPipeline.evaluate(AbstractPipeline.java:265) ~[na:na]
	at java.base/java.util.stream.ReferencePipeline.forEach(ReferencePipeline.java:632) ~[na:na]
	at org.springframework.data.repository.aot.generate.AotRepositoryCreator.contributeMethods(AotRepositoryCreator.java:235) ~[spring-data-commons-4.0.5.jar:4.0.5]
	at org.springframework.data.repository.aot.generate.RepositoryContributor.contribute(RepositoryContributor.java:121) ~[spring-data-commons-4.0.5.jar:4.0.5]
	at org.springframework.data.repository.config.RepositoryRegistrationAotContribution.applyTo(RepositoryRegistrationAotContribution.java:66) ~[spring-data-commons-4.0.5.jar:4.0.5]
	at org.springframework.beans.factory.aot.BeanDefinitionMethodGenerator.lambda$generateBeanDefinitionMethod$0(BeanDefinitionMethodGenerator.java:165) ~[spring-beans-7.0.7.jar:7.0.7]
	at java.base/java.util.ArrayList.forEach(ArrayList.java:1604) ~[na:na]
	at org.springframework.beans.factory.aot.BeanDefinitionMethodGenerator.generateBeanDefinitionMethod(BeanDefinitionMethodGenerator.java:165) ~[spring-beans-7.0.7.jar:7.0.7]
	at org.springframework.beans.factory.aot.BeanDefinitionMethodGenerator.generateBeanDefinitionMethod(BeanDefinitionMethodGenerator.java:89) ~[spring-beans-7.0.7.jar:7.0.7]
	at org.springframework.beans.factory.aot.BeanRegistrationsAotContribution$BeanDefinitionsRegistrationGenerator.generateBeanRegistration(BeanRegistrationsAotContribution.java:289) ~[spring-beans-7.0.7.jar:7.0.7]
	at org.springframework.beans.factory.aot.BeanRegistrationsAotContribution$BeanDefinitionsRegistrationGenerator.lambda$generateRegisterBeanDefinitionMethods$0(BeanRegistrationsAotContribution.java:272) ~[spring-beans-7.0.7.jar:7.0.7]
	at java.base/java.lang.Iterable.forEach(Iterable.java:75) ~[na:na]
	at org.springframework.beans.factory.aot.BeanRegistrationsAotContribution$BeanDefinitionsRegistrationGenerator.generateRegisterBeanDefinitionMethods(BeanRegistrationsAotContribution.java:270) ~[spring-beans-7.0.7.jar:7.0.7]
	at org.springframework.beans.factory.aot.BeanRegistrationsAotContribution$BeanDefinitionsRegistrationGenerator.generateBeanRegistrationsCode(BeanRegistrationsAotContribution.java:238) ~[spring-beans-7.0.7.jar:7.0.7]
	at org.springframework.beans.factory.aot.BeanRegistrationsAotContribution.lambda$generateBeanRegistrationClass$0(BeanRegistrationsAotContribution.java:116) ~[spring-beans-7.0.7.jar:7.0.7]
	at org.springframework.aot.generate.GeneratedMethod.<init>(GeneratedMethod.java:54) ~[spring-core-7.0.7.jar:7.0.7]
	at org.springframework.aot.generate.GeneratedMethods.add(GeneratedMethods.java:112) ~[spring-core-7.0.7.jar:7.0.7]
	at org.springframework.aot.generate.GeneratedMethods.add(GeneratedMethods.java:89) ~[spring-core-7.0.7.jar:7.0.7]
	at org.springframework.beans.factory.aot.BeanRegistrationsAotContribution.generateBeanRegistrationClass(BeanRegistrationsAotContribution.java:110) ~[spring-beans-7.0.7.jar:7.0.7]
	at org.springframework.beans.factory.aot.BeanRegistrationsAotContribution.generateBeanRegistrationCode(BeanRegistrationsAotContribution.java:88) ~[spring-beans-7.0.7.jar:7.0.7]
	at org.springframework.beans.factory.aot.BeanRegistrationsAotContribution.applyTo(BeanRegistrationsAotContribution.java:77) ~[spring-beans-7.0.7.jar:7.0.7]
	at org.springframework.context.aot.BeanFactoryInitializationAotContributions.applyTo(BeanFactoryInitializationAotContributions.java:94) ~[spring-context-7.0.7.jar:7.0.7]
	at org.springframework.context.aot.ApplicationContextAotGenerator.lambda$processAheadOfTime$0(ApplicationContextAotGenerator.java:59) ~[spring-context-7.0.7.jar:7.0.7]
	at org.springframework.context.aot.ApplicationContextAotGenerator.withCglibClassHandler(ApplicationContextAotGenerator.java:68) ~[spring-context-7.0.7.jar:7.0.7]
	at org.springframework.context.aot.ApplicationContextAotGenerator.processAheadOfTime(ApplicationContextAotGenerator.java:54) ~[spring-context-7.0.7.jar:7.0.7]
	at org.springframework.context.aot.ContextAotProcessor.performAotProcessing(ContextAotProcessor.java:107) ~[spring-context-7.0.7.jar:7.0.7]
	at org.springframework.context.aot.ContextAotProcessor.doProcess(ContextAotProcessor.java:84) ~[spring-context-7.0.7.jar:7.0.7]
	at org.springframework.context.aot.ContextAotProcessor.doProcess(ContextAotProcessor.java:49) ~[spring-context-7.0.7.jar:7.0.7]
	at org.springframework.context.aot.AbstractAotProcessor.process(AbstractAotProcessor.java:84) ~[spring-context-7.0.7.jar:7.0.7]
	at org.springframework.boot.SpringApplicationAotProcessor.main(SpringApplicationAotProcessor.java:96) ~[spring-boot-4.0.6.jar:4.0.6]

